The "poetry.dev-dependencies" section is deprecated and will be removed in a future version. Use "poetry.group.dev.dependencies" instead.
/public/conda/user_envs/amrithya.balaji/envs/arb/lib/python3.10/site-packages/torch/distributed/launch.py:207: FutureWarning: The module torch.distributed.launch is deprecated
and will be removed in future. Use torchrun.
Note that --use-env is set by default in torchrun.
If your script expects `--local-rank` argument to be set, please
change it to read from `os.environ['LOCAL_RANK']` instead. See 
https://pytorch.org/docs/stable/distributed.html#launch-utility for 
further instructions

  main()
W0523 13:18:18.320000 1332397 site-packages/torch/distributed/run.py:766] 
W0523 13:18:18.320000 1332397 site-packages/torch/distributed/run.py:766] *****************************************
W0523 13:18:18.320000 1332397 site-packages/torch/distributed/run.py:766] Setting OMP_NUM_THREADS environment variable for each process to be 1 in default, to avoid your system being overloaded, please further tune the variable for optimal performance in your application as needed. 
W0523 13:18:18.320000 1332397 site-packages/torch/distributed/run.py:766] *****************************************
/baie/data1/data/expes/amrithya.balaji/scRNAseq/scbert/performer_pytorch/performer_pytorch.py:115: UserWarning: torch.qr is deprecated in favor of torch.linalg.qr and will be removed in a future PyTorch release.
The boolean parameter 'some' has been replaced with a string parameter 'mode'.
Q, R = torch.qr(A, some)
should be replaced with
Q, R = torch.linalg.qr(A, 'reduced' if some else 'complete') (Triggered internally at /pytorch/aten/src/ATen/native/BatchLinearAlgebra.cpp:2487.)
  q, r = torch.qr(unstructured_block.cpu(), some = True)
/baie/data1/data/expes/amrithya.balaji/scRNAseq/scbert/performer_pytorch/performer_pytorch.py:115: UserWarning: torch.qr is deprecated in favor of torch.linalg.qr and will be removed in a future PyTorch release.
The boolean parameter 'some' has been replaced with a string parameter 'mode'.
Q, R = torch.qr(A, some)
should be replaced with
Q, R = torch.linalg.qr(A, 'reduced' if some else 'complete') (Triggered internally at /pytorch/aten/src/ATen/native/BatchLinearAlgebra.cpp:2487.)
  q, r = torch.qr(unstructured_block.cpu(), some = True)
slurmstepd: error: *** JOB 161458 ON lisnode4 CANCELLED AT 2025-05-23T13:34:25 ***
